e:\dropbox (personal)\jianfeng wu\hw3\subdivision\subdivision\subdivision\debug\vc140.pdb
e:\dropbox (personal)\jianfeng wu\hw3\subdivision\subdivision\subdivision\debug\vc140.idb
e:\dropbox (personal)\jianfeng wu\hw3\subdivision\subdivision\subdivision\debug\edge.obj
e:\dropbox (personal)\jianfeng wu\hw3\subdivision\subdivision\subdivision\debug\face.obj
e:\dropbox (personal)\jianfeng wu\hw3\subdivision\subdivision\subdivision\debug\fexception.obj
e:\dropbox (personal)\jianfeng wu\hw3\subdivision\subdivision\subdivision\debug\halfedge.obj
e:\dropbox (personal)\jianfeng wu\hw3\subdivision\subdivision\subdivision\debug\objfilereader.obj
e:\dropbox (personal)\jianfeng wu\hw3\subdivision\subdivision\subdivision\debug\parser.obj
e:\dropbox (personal)\jianfeng wu\hw3\subdivision\subdivision\subdivision\debug\point.obj
e:\dropbox (personal)\jianfeng wu\hw3\subdivision\subdivision\subdivision\debug\solid.obj
e:\dropbox (personal)\jianfeng wu\hw3\subdivision\subdivision\subdivision\debug\soliddelegate.obj
e:\dropbox (personal)\jianfeng wu\hw3\subdivision\subdivision\subdivision\debug\stringtokenizer.obj
e:\dropbox (personal)\jianfeng wu\hw3\subdivision\subdivision\subdivision\debug\topologyexception.obj
e:\dropbox (personal)\jianfeng wu\hw3\subdivision\subdivision\subdivision\debug\trait.obj
e:\dropbox (personal)\jianfeng wu\hw3\subdivision\subdivision\subdivision\debug\vertex.obj
e:\dropbox (personal)\jianfeng wu\hw3\subdivision\subdivision\subdivision\debug\ctrait.obj
e:\dropbox (personal)\jianfeng wu\hw3\subdivision\subdivision\subdivision\debug\subdivision.obj
c:\users\jianfen6\desktop\subdivision\subdivision\subdivision\debug\vc140.pdb
c:\users\jianfen6\desktop\subdivision\subdivision\subdivision\debug\vc140.idb
c:\users\jianfen6\desktop\subdivision\subdivision\subdivision\debug\edge.obj
c:\users\jianfen6\desktop\subdivision\subdivision\subdivision\debug\fexception.obj
c:\users\jianfen6\desktop\subdivision\subdivision\subdivision\debug\face.obj
c:\users\jianfen6\desktop\subdivision\subdivision\subdivision\debug\halfedge.obj
c:\users\jianfen6\desktop\subdivision\subdivision\subdivision\debug\objfilereader.obj
c:\users\jianfen6\desktop\subdivision\subdivision\subdivision\debug\parser.obj
c:\users\jianfen6\desktop\subdivision\subdivision\subdivision\debug\point.obj
c:\users\jianfen6\desktop\subdivision\subdivision\subdivision\debug\solid.obj
c:\users\jianfen6\desktop\subdivision\subdivision\subdivision\debug\soliddelegate.obj
c:\users\jianfen6\desktop\subdivision\subdivision\subdivision\debug\stringtokenizer.obj
c:\users\jianfen6\desktop\subdivision\subdivision\subdivision\debug\topologyexception.obj
c:\users\jianfen6\desktop\subdivision\subdivision\subdivision\debug\trait.obj
c:\users\jianfen6\desktop\subdivision\subdivision\subdivision\debug\vertex.obj
c:\users\jianfen6\desktop\subdivision\subdivision\subdivision\debug\ctrait.obj
c:\users\jianfen6\desktop\subdivision\subdivision\subdivision\debug\subdivision.obj
e:\dropbox (personal)\jianfeng wu\hw3\subdivision\subdivision\subdivision\debug\subdivision.ilk
e:\dropbox (personal)\jianfeng wu\hw3\subdivision\subdivision\subdivision\debug\subdivision.exe
e:\dropbox (personal)\jianfeng wu\hw3\subdivision\subdivision\subdivision\debug\subdivision.pdb
c:\users\jianfen6\desktop\subdivision\subdivision\subdivision\debug\subdivision.ilk
c:\users\jianfen6\desktop\subdivision\subdivision\subdivision\debug\subdivision.exe
c:\users\jianfen6\desktop\subdivision\subdivision\subdivision\debug\subdivision.pdb
c:\users\jianfen6\desktop\subdivision\subdivision\subdivision\debug\subdivision.tlog\cl.command.1.tlog
c:\users\jianfen6\desktop\subdivision\subdivision\subdivision\debug\subdivision.tlog\cl.read.1.tlog
c:\users\jianfen6\desktop\subdivision\subdivision\subdivision\debug\subdivision.tlog\cl.write.1.tlog
c:\users\jianfen6\desktop\subdivision\subdivision\subdivision\debug\subdivision.tlog\link.command.1.tlog
c:\users\jianfen6\desktop\subdivision\subdivision\subdivision\debug\subdivision.tlog\link.read.1.tlog
c:\users\jianfen6\desktop\subdivision\subdivision\subdivision\debug\subdivision.tlog\link.write.1.tlog
